{"/home/david/Escritorio/rest_api_server/src/router.ts": {"path":"/home/david/Escritorio/rest_api_server/src/router.ts","statementMap":{"0":{"start":{"line":1,"column":0},"end":{"line":1,"column":32}},"1":{"start":{"line":2,"column":0},"end":{"line":2,"column":47}},"2":{"start":{"line":3,"column":0},"end":{"line":3,"column":124}},"3":{"start":{"line":4,"column":0},"end":{"line":4,"column":48}},"4":{"start":{"line":6,"column":15},"end":{"line":6,"column":23}},"5":{"start":{"line":8,"column":0},"end":{"line":8,"column":null}},"6":{"start":{"line":9,"column":0},"end":{"line":15,"column":null}},"7":{"start":{"line":18,"column":0},"end":{"line":31,"column":null}},"8":{"start":{"line":25,"column":25},"end":{"line":25,"column":34}},"9":{"start":{"line":33,"column":0},"end":{"line":46,"column":null}},"10":{"start":{"line":41,"column":24},"end":{"line":41,"column":34}},"11":{"start":{"line":48,"column":0},"end":{"line":52,"column":null}},"12":{"start":{"line":54,"column":0},"end":{"line":58,"column":null}},"13":{"start":{"line":61,"column":0},"end":{"line":61,"column":null}}},"fnMap":{"0":{"name":"(anonymous_0)","decl":{"start":{"line":25,"column":16},"end":{"line":25,"column":21}},"loc":{"start":{"line":25,"column":25},"end":{"line":25,"column":34}}},"1":{"name":"(anonymous_1)","decl":{"start":{"line":41,"column":15},"end":{"line":41,"column":20}},"loc":{"start":{"line":41,"column":24},"end":{"line":41,"column":34}}}},"branchMap":{},"s":{"0":2,"1":2,"2":2,"3":2,"4":2,"5":2,"6":2,"7":2,"8":2,"9":2,"10":5,"11":2,"12":2,"13":2},"f":{"0":2,"1":5},"b":{}}
,"/home/david/Escritorio/rest_api_server/src/server.ts": {"path":"/home/david/Escritorio/rest_api_server/src/server.ts","statementMap":{"0":{"start":{"line":7,"column":0},"end":{"line":7,"column":7}},"1":{"start":{"line":1,"column":0},"end":{"line":1,"column":32}},"2":{"start":{"line":2,"column":0},"end":{"line":2,"column":28}},"3":{"start":{"line":3,"column":0},"end":{"line":3,"column":30}},"4":{"start":{"line":4,"column":0},"end":{"line":4,"column":29}},"5":{"start":{"line":8,"column":2},"end":{"line":16,"column":3}},"6":{"start":{"line":9,"column":4},"end":{"line":9,"column":null}},"7":{"start":{"line":10,"column":4},"end":{"line":10,"column":null}},"8":{"start":{"line":14,"column":4},"end":{"line":14,"column":null}},"9":{"start":{"line":18,"column":0},"end":{"line":18,"column":null}},"10":{"start":{"line":21,"column":15},"end":{"line":21,"column":24}},"11":{"start":{"line":24,"column":0},"end":{"line":24,"column":null}},"12":{"start":{"line":26,"column":0},"end":{"line":26,"column":null}},"13":{"start":{"line":28,"column":0},"end":{"line":30,"column":null}},"14":{"start":{"line":29,"column":2},"end":{"line":29,"column":null}},"15":{"start":{"line":33,"column":0},"end":{"line":33,"column":null}}},"fnMap":{"0":{"name":"conncectDB","decl":{"start":{"line":7,"column":22},"end":{"line":7,"column":32}},"loc":{"start":{"line":7,"column":32},"end":{"line":17,"column":1}}},"1":{"name":"(anonymous_2)","decl":{"start":{"line":28,"column":19},"end":{"line":28,"column":20}},"loc":{"start":{"line":28,"column":31},"end":{"line":30,"column":1}}}},"branchMap":{},"s":{"0":2,"1":2,"2":2,"3":2,"4":2,"5":3,"6":3,"7":2,"8":1,"9":2,"10":2,"11":2,"12":2,"13":2,"14":1,"15":2},"f":{"0":3,"1":1},"b":{}}
,"/home/david/Escritorio/rest_api_server/src/config/db.ts": {"path":"/home/david/Escritorio/rest_api_server/src/config/db.ts","statementMap":{"0":{"start":{"line":1,"column":0},"end":{"line":1,"column":48}},"1":{"start":{"line":2,"column":0},"end":{"line":2,"column":27}},"2":{"start":{"line":3,"column":0},"end":{"line":3,"column":null}},"3":{"start":{"line":5,"column":11},"end":{"line":8,"column":2}},"4":{"start":{"line":10,"column":0},"end":{"line":10,"column":null}}},"fnMap":{},"branchMap":{},"s":{"0":2,"1":2,"2":2,"3":2,"4":2},"f":{},"b":{}}
,"/home/david/Escritorio/rest_api_server/src/handlers/jugador.ts": {"path":"/home/david/Escritorio/rest_api_server/src/handlers/jugador.ts","statementMap":{"0":{"start":{"line":2,"column":0},"end":{"line":2,"column":45}},"1":{"start":{"line":4,"column":26},"end":{"line":12,"column":1}},"2":{"start":{"line":5,"column":18},"end":{"line":10,"column":4}},"3":{"start":{"line":11,"column":2},"end":{"line":11,"column":null}},"4":{"start":{"line":4,"column":13},"end":{"line":4,"column":26}},"5":{"start":{"line":14,"column":30},"end":{"line":25,"column":3}},"6":{"start":{"line":15,"column":15},"end":{"line":15,"column":25}},"7":{"start":{"line":16,"column":18},"end":{"line":16,"column":44}},"8":{"start":{"line":18,"column":2},"end":{"line":22,"column":3}},"9":{"start":{"line":19,"column":4},"end":{"line":21,"column":null}},"10":{"start":{"line":24,"column":2},"end":{"line":24,"column":null}},"11":{"start":{"line":14,"column":13},"end":{"line":14,"column":30}},"12":{"start":{"line":27,"column":29},"end":{"line":30,"column":1}},"13":{"start":{"line":28,"column":18},"end":{"line":28,"column":48}},"14":{"start":{"line":29,"column":2},"end":{"line":29,"column":null}},"15":{"start":{"line":27,"column":13},"end":{"line":27,"column":29}},"16":{"start":{"line":32,"column":29},"end":{"line":47,"column":3}},"17":{"start":{"line":33,"column":15},"end":{"line":33,"column":25}},"18":{"start":{"line":34,"column":18},"end":{"line":34,"column":44}},"19":{"start":{"line":36,"column":2},"end":{"line":40,"column":3}},"20":{"start":{"line":37,"column":4},"end":{"line":39,"column":null}},"21":{"start":{"line":43,"column":2},"end":{"line":43,"column":null}},"22":{"start":{"line":44,"column":2},"end":{"line":44,"column":null}},"23":{"start":{"line":46,"column":2},"end":{"line":46,"column":null}},"24":{"start":{"line":32,"column":13},"end":{"line":32,"column":29}},"25":{"start":{"line":49,"column":31},"end":{"line":64,"column":3}},"26":{"start":{"line":50,"column":15},"end":{"line":50,"column":25}},"27":{"start":{"line":51,"column":18},"end":{"line":51,"column":44}},"28":{"start":{"line":53,"column":2},"end":{"line":57,"column":3}},"29":{"start":{"line":54,"column":4},"end":{"line":56,"column":null}},"30":{"start":{"line":60,"column":2},"end":{"line":60,"column":null}},"31":{"start":{"line":61,"column":2},"end":{"line":61,"column":null}},"32":{"start":{"line":63,"column":2},"end":{"line":63,"column":null}},"33":{"start":{"line":49,"column":13},"end":{"line":49,"column":31}},"34":{"start":{"line":67,"column":29},"end":{"line":79,"column":3}},"35":{"start":{"line":68,"column":15},"end":{"line":68,"column":25}},"36":{"start":{"line":69,"column":18},"end":{"line":69,"column":44}},"37":{"start":{"line":71,"column":2},"end":{"line":75,"column":3}},"38":{"start":{"line":72,"column":4},"end":{"line":74,"column":null}},"39":{"start":{"line":77,"column":2},"end":{"line":77,"column":null}},"40":{"start":{"line":78,"column":2},"end":{"line":78,"column":null}},"41":{"start":{"line":67,"column":13},"end":{"line":67,"column":29}}},"fnMap":{"0":{"name":"(anonymous_1)","decl":{"start":{"line":4,"column":26},"end":{"line":4,"column":31}},"loc":{"start":{"line":4,"column":63},"end":{"line":12,"column":1}}},"1":{"name":"(anonymous_2)","decl":{"start":{"line":14,"column":30},"end":{"line":14,"column":35}},"loc":{"start":{"line":14,"column":67},"end":{"line":25,"column":3}}},"2":{"name":"(anonymous_3)","decl":{"start":{"line":27,"column":29},"end":{"line":27,"column":34}},"loc":{"start":{"line":27,"column":67},"end":{"line":30,"column":1}}},"3":{"name":"(anonymous_4)","decl":{"start":{"line":32,"column":29},"end":{"line":32,"column":34}},"loc":{"start":{"line":32,"column":66},"end":{"line":47,"column":3}}},"4":{"name":"(anonymous_5)","decl":{"start":{"line":49,"column":31},"end":{"line":49,"column":36}},"loc":{"start":{"line":49,"column":68},"end":{"line":64,"column":3}}},"5":{"name":"(anonymous_6)","decl":{"start":{"line":67,"column":29},"end":{"line":67,"column":34}},"loc":{"start":{"line":67,"column":66},"end":{"line":79,"column":3}}}},"branchMap":{"0":{"loc":{"start":{"line":18,"column":2},"end":{"line":22,"column":3}},"type":"if","locations":[{"start":{"line":18,"column":2},"end":{"line":22,"column":3}}]},"1":{"loc":{"start":{"line":36,"column":2},"end":{"line":40,"column":3}},"type":"if","locations":[{"start":{"line":36,"column":2},"end":{"line":40,"column":3}}]},"2":{"loc":{"start":{"line":53,"column":2},"end":{"line":57,"column":3}},"type":"if","locations":[{"start":{"line":53,"column":2},"end":{"line":57,"column":3}}]},"3":{"loc":{"start":{"line":71,"column":2},"end":{"line":75,"column":3}},"type":"if","locations":[{"start":{"line":71,"column":2},"end":{"line":75,"column":3}}]}},"s":{"0":2,"1":2,"2":2,"3":2,"4":2,"5":2,"6":2,"7":2,"8":2,"9":1,"10":1,"11":2,"12":2,"13":1,"14":1,"15":2,"16":2,"17":2,"18":2,"19":2,"20":1,"21":1,"22":1,"23":1,"24":2,"25":2,"26":2,"27":2,"28":2,"29":1,"30":1,"31":1,"32":1,"33":2,"34":2,"35":2,"36":2,"37":2,"38":1,"39":1,"40":1,"41":2},"f":{"0":2,"1":2,"2":1,"3":2,"4":2,"5":2},"b":{"0":[1],"1":[1],"2":[1],"3":[1]}}
,"/home/david/Escritorio/rest_api_server/src/middleware/index.ts": {"path":"/home/david/Escritorio/rest_api_server/src/middleware/index.ts","statementMap":{"0":{"start":{"line":2,"column":0},"end":{"line":2,"column":51}},"1":{"start":{"line":6,"column":33},"end":{"line":14,"column":1}},"2":{"start":{"line":8,"column":14},"end":{"line":8,"column":35}},"3":{"start":{"line":9,"column":2},"end":{"line":11,"column":3}},"4":{"start":{"line":10,"column":4},"end":{"line":10,"column":null}},"5":{"start":{"line":13,"column":2},"end":{"line":13,"column":null}},"6":{"start":{"line":6,"column":13},"end":{"line":6,"column":33}}},"fnMap":{"0":{"name":"(anonymous_0)","decl":{"start":{"line":6,"column":33},"end":{"line":6,"column":34}},"loc":{"start":{"line":6,"column":84},"end":{"line":14,"column":1}}}},"branchMap":{"0":{"loc":{"start":{"line":9,"column":2},"end":{"line":11,"column":3}},"type":"if","locations":[{"start":{"line":9,"column":2},"end":{"line":11,"column":3}}]}},"s":{"0":2,"1":2,"2":15,"3":15,"4":6,"5":9,"6":2},"f":{"0":15},"b":{"0":[6]}}
,"/home/david/Escritorio/rest_api_server/src/models/Jugador.model.ts": {"path":"/home/david/Escritorio/rest_api_server/src/models/Jugador.model.ts","statementMap":{"0":{"start":{"line":1,"column":0},"end":{"line":1,"column":69}},"1":{"start":{"line":7,"column":0},"end":{"line":40,"column":null}},"2":{"start":{"line":12,"column":12},"end":{"line":12,"column":null}},"3":{"start":{"line":18,"column":12},"end":{"line":18,"column":null}},"4":{"start":{"line":25,"column":12},"end":{"line":25,"column":null}},"5":{"start":{"line":31,"column":12},"end":{"line":31,"column":null}},"6":{"start":{"line":37,"column":12},"end":{"line":37,"column":null}},"7":{"start":{"line":7,"column":6},"end":{"line":40,"column":null}},"8":{"start":{"line":41,"column":0},"end":{"line":41,"column":null}}},"fnMap":{},"branchMap":{},"s":{"0":3,"1":3,"2":3,"3":3,"4":3,"5":3,"6":3,"7":3,"8":3},"f":{},"b":{}}
}
